{"/media/rajotron/_my_drive/projects3/jwa/backend_server/server.js": {"path":"/media/rajotron/_my_drive/projects3/jwa/backend_server/server.js","statementMap":{"0":{"start":{"line":1,"column":16},"end":{"line":1,"column":34}},"1":{"start":{"line":2,"column":19},"end":{"line":2,"column":41}},"2":{"start":{"line":3,"column":12},"end":{"line":3,"column":21}},"3":{"start":{"line":4,"column":13},"end":{"line":4,"column":17}},"4":{"start":{"line":6,"column":13},"end":{"line":6,"column":30}},"5":{"start":{"line":7,"column":0},"end":{"line":7,"column":47}},"6":{"start":{"line":8,"column":13},"end":{"line":8,"column":41}},"7":{"start":{"line":11,"column":0},"end":{"line":11,"column":26}},"8":{"start":{"line":14,"column":0},"end":{"line":14,"column":35}},"9":{"start":{"line":20,"column":0},"end":{"line":26,"column":1}},"10":{"start":{"line":22,"column":0},"end":{"line":24,"column":3}},"11":{"start":{"line":23,"column":4},"end":{"line":23,"column":55}},"12":{"start":{"line":28,"column":0},"end":{"line":28,"column":20}}},"fnMap":{"0":{"name":"(anonymous_0)","decl":{"start":{"line":22,"column":17},"end":{"line":22,"column":18}},"loc":{"start":{"line":22,"column":23},"end":{"line":24,"column":1}},"line":22}},"branchMap":{"0":{"loc":{"start":{"line":20,"column":0},"end":{"line":26,"column":1}},"type":"if","locations":[{"start":{"line":20,"column":0},"end":{"line":26,"column":1}},{"start":{"line":20,"column":0},"end":{"line":26,"column":1}}],"line":20}},"s":{"0":4,"1":4,"2":4,"3":4,"4":4,"5":4,"6":4,"7":4,"8":4,"9":4,"10":0,"11":0,"12":4},"f":{"0":0},"b":{"0":[0,4]},"_coverageSchema":"1a1c01bbd47fc00a2c39e90264f33305004495a9","hash":"be5adea01811552199db7c6f0852760eb56c3f5a"}
,"/media/rajotron/_my_drive/projects3/jwa/backend_server/config/propertyFile.js": {"path":"/media/rajotron/_my_drive/projects3/jwa/backend_server/config/propertyFile.js","statementMap":{"0":{"start":{"line":1,"column":0},"end":{"line":29,"column":1}}},"fnMap":{},"branchMap":{},"s":{"0":4},"f":{},"b":{},"_coverageSchema":"1a1c01bbd47fc00a2c39e90264f33305004495a9","hash":"e9f6403b6451d2eca12a84b47a02789548d6fb13"}
,"/media/rajotron/_my_drive/projects3/jwa/backend_server/controllers/assets.js": {"path":"/media/rajotron/_my_drive/projects3/jwa/backend_server/controllers/assets.js","statementMap":{"0":{"start":{"line":1,"column":9},"end":{"line":1,"column":44}},"1":{"start":{"line":2,"column":13},"end":{"line":2,"column":49}},"2":{"start":{"line":3,"column":13},"end":{"line":3,"column":32}},"3":{"start":{"line":4,"column":13},"end":{"line":4,"column":30}},"4":{"start":{"line":5,"column":0},"end":{"line":5,"column":47}},"5":{"start":{"line":6,"column":13},"end":{"line":6,"column":41}},"6":{"start":{"line":7,"column":15},"end":{"line":7,"column":51}},"7":{"start":{"line":8,"column":12},"end":{"line":8,"column":28}},"8":{"start":{"line":12,"column":0},"end":{"line":27,"column":1}},"9":{"start":{"line":13,"column":4},"end":{"line":26,"column":5}},"10":{"start":{"line":14,"column":31},"end":{"line":14,"column":42}},"11":{"start":{"line":18,"column":24},"end":{"line":18,"column":115}},"12":{"start":{"line":20,"column":8},"end":{"line":20,"column":59}},"13":{"start":{"line":21,"column":8},"end":{"line":21,"column":82}},"14":{"start":{"line":24,"column":8},"end":{"line":24,"column":39}},"15":{"start":{"line":25,"column":8},"end":{"line":25,"column":81}},"16":{"start":{"line":31,"column":0},"end":{"line":62,"column":2}},"17":{"start":{"line":32,"column":4},"end":{"line":61,"column":5}},"18":{"start":{"line":33,"column":8},"end":{"line":33,"column":51}},"19":{"start":{"line":34,"column":26},"end":{"line":34,"column":39}},"20":{"start":{"line":35,"column":23},"end":{"line":35,"column":40}},"21":{"start":{"line":39,"column":24},"end":{"line":47,"column":84}},"22":{"start":{"line":51,"column":25},"end":{"line":55,"column":87}},"23":{"start":{"line":56,"column":8},"end":{"line":56,"column":52}},"24":{"start":{"line":57,"column":8},"end":{"line":57,"column":77}},"25":{"start":{"line":59,"column":8},"end":{"line":59,"column":39}},"26":{"start":{"line":60,"column":8},"end":{"line":60,"column":81}}},"fnMap":{"0":{"name":"(anonymous_0)","decl":{"start":{"line":12,"column":21},"end":{"line":12,"column":22}},"loc":{"start":{"line":12,"column":41},"end":{"line":27,"column":1}},"line":12},"1":{"name":"(anonymous_1)","decl":{"start":{"line":31,"column":17},"end":{"line":31,"column":18}},"loc":{"start":{"line":31,"column":37},"end":{"line":62,"column":1}},"line":31}},"branchMap":{},"s":{"0":4,"1":4,"2":4,"3":4,"4":4,"5":4,"6":4,"7":4,"8":4,"9":0,"10":0,"11":0,"12":0,"13":0,"14":0,"15":0,"16":4,"17":0,"18":0,"19":0,"20":0,"21":0,"22":0,"23":0,"24":0,"25":0,"26":0},"f":{"0":0,"1":0},"b":{},"_coverageSchema":"1a1c01bbd47fc00a2c39e90264f33305004495a9","hash":"c07a90e48e95ff0d0de46fd4e1b9078c18ff8e2d"}
,"/media/rajotron/_my_drive/projects3/jwa/backend_server/controllers/shopping_Centre_Controller.js": {"path":"/media/rajotron/_my_drive/projects3/jwa/backend_server/controllers/shopping_Centre_Controller.js","statementMap":{"0":{"start":{"line":1,"column":9},"end":{"line":1,"column":44}},"1":{"start":{"line":2,"column":13},"end":{"line":2,"column":49}},"2":{"start":{"line":3,"column":13},"end":{"line":3,"column":32}},"3":{"start":{"line":4,"column":13},"end":{"line":4,"column":30}},"4":{"start":{"line":5,"column":0},"end":{"line":5,"column":47}},"5":{"start":{"line":6,"column":13},"end":{"line":6,"column":41}},"6":{"start":{"line":7,"column":15},"end":{"line":7,"column":51}},"7":{"start":{"line":8,"column":12},"end":{"line":8,"column":28}},"8":{"start":{"line":13,"column":0},"end":{"line":37,"column":1}},"9":{"start":{"line":14,"column":4},"end":{"line":36,"column":5}},"10":{"start":{"line":15,"column":8},"end":{"line":15,"column":44}},"11":{"start":{"line":16,"column":21},"end":{"line":16,"column":53}},"12":{"start":{"line":17,"column":19},"end":{"line":17,"column":47}},"13":{"start":{"line":18,"column":25},"end":{"line":18,"column":55}},"14":{"start":{"line":19,"column":23},"end":{"line":19,"column":55}},"15":{"start":{"line":20,"column":23},"end":{"line":20,"column":55}},"16":{"start":{"line":21,"column":24},"end":{"line":21,"column":92}},"17":{"start":{"line":22,"column":8},"end":{"line":22,"column":53}},"18":{"start":{"line":23,"column":33},"end":{"line":23,"column":135}},"19":{"start":{"line":24,"column":8},"end":{"line":24,"column":69}},"20":{"start":{"line":25,"column":22},"end":{"line":25,"column":60}},"21":{"start":{"line":26,"column":8},"end":{"line":28,"column":9}},"22":{"start":{"line":27,"column":12},"end":{"line":27,"column":79}},"23":{"start":{"line":31,"column":8},"end":{"line":31,"column":77}},"24":{"start":{"line":34,"column":8},"end":{"line":34,"column":75}},"25":{"start":{"line":35,"column":8},"end":{"line":35,"column":25}},"26":{"start":{"line":41,"column":0},"end":{"line":51,"column":1}},"27":{"start":{"line":42,"column":4},"end":{"line":50,"column":5}},"28":{"start":{"line":43,"column":24},"end":{"line":43,"column":75}},"29":{"start":{"line":44,"column":8},"end":{"line":44,"column":52}},"30":{"start":{"line":45,"column":8},"end":{"line":45,"column":82}},"31":{"start":{"line":48,"column":8},"end":{"line":48,"column":39}},"32":{"start":{"line":49,"column":8},"end":{"line":49,"column":81}},"33":{"start":{"line":55,"column":0},"end":{"line":73,"column":2}},"34":{"start":{"line":56,"column":4},"end":{"line":72,"column":5}},"35":{"start":{"line":57,"column":8},"end":{"line":57,"column":51}},"36":{"start":{"line":58,"column":26},"end":{"line":58,"column":39}},"37":{"start":{"line":59,"column":23},"end":{"line":59,"column":40}},"38":{"start":{"line":60,"column":24},"end":{"line":66,"column":72}},"39":{"start":{"line":67,"column":8},"end":{"line":67,"column":52}},"40":{"start":{"line":68,"column":8},"end":{"line":68,"column":77}},"41":{"start":{"line":70,"column":8},"end":{"line":70,"column":39}},"42":{"start":{"line":71,"column":8},"end":{"line":71,"column":81}}},"fnMap":{"0":{"name":"(anonymous_0)","decl":{"start":{"line":13,"column":30},"end":{"line":13,"column":31}},"loc":{"start":{"line":13,"column":50},"end":{"line":37,"column":1}},"line":13},"1":{"name":"(anonymous_1)","decl":{"start":{"line":41,"column":21},"end":{"line":41,"column":22}},"loc":{"start":{"line":41,"column":41},"end":{"line":51,"column":1}},"line":41},"2":{"name":"(anonymous_2)","decl":{"start":{"line":55,"column":17},"end":{"line":55,"column":18}},"loc":{"start":{"line":55,"column":37},"end":{"line":73,"column":1}},"line":55}},"branchMap":{"0":{"loc":{"start":{"line":26,"column":8},"end":{"line":28,"column":9}},"type":"if","locations":[{"start":{"line":26,"column":8},"end":{"line":28,"column":9}},{"start":{"line":26,"column":8},"end":{"line":28,"column":9}}],"line":26}},"s":{"0":4,"1":4,"2":4,"3":4,"4":4,"5":4,"6":4,"7":4,"8":4,"9":1,"10":1,"11":1,"12":1,"13":1,"14":1,"15":1,"16":1,"17":1,"18":1,"19":1,"20":1,"21":1,"22":0,"23":1,"24":0,"25":0,"26":4,"27":0,"28":0,"29":0,"30":0,"31":0,"32":0,"33":4,"34":0,"35":0,"36":0,"37":0,"38":0,"39":0,"40":0,"41":0,"42":0},"f":{"0":1,"1":0,"2":0},"b":{"0":[0,1]},"_coverageSchema":"1a1c01bbd47fc00a2c39e90264f33305004495a9","hash":"c20c0041bd474f91b73bdc6ad16f44a26787351b"}
,"/media/rajotron/_my_drive/projects3/jwa/backend_server/controllers/users.js": {"path":"/media/rajotron/_my_drive/projects3/jwa/backend_server/controllers/users.js","statementMap":{"0":{"start":{"line":1,"column":9},"end":{"line":1,"column":44}},"1":{"start":{"line":2,"column":13},"end":{"line":2,"column":49}},"2":{"start":{"line":3,"column":13},"end":{"line":3,"column":32}},"3":{"start":{"line":4,"column":13},"end":{"line":4,"column":30}},"4":{"start":{"line":5,"column":0},"end":{"line":5,"column":47}},"5":{"start":{"line":6,"column":13},"end":{"line":6,"column":41}},"6":{"start":{"line":7,"column":15},"end":{"line":7,"column":51}},"7":{"start":{"line":8,"column":12},"end":{"line":8,"column":28}},"8":{"start":{"line":12,"column":0},"end":{"line":34,"column":1}},"9":{"start":{"line":13,"column":4},"end":{"line":33,"column":5}},"10":{"start":{"line":14,"column":23},"end":{"line":14,"column":40}},"11":{"start":{"line":15,"column":23},"end":{"line":15,"column":40}},"12":{"start":{"line":16,"column":24},"end":{"line":16,"column":94}},"13":{"start":{"line":17,"column":8},"end":{"line":25,"column":9}},"14":{"start":{"line":18,"column":12},"end":{"line":18,"column":79}},"15":{"start":{"line":19,"column":15},"end":{"line":25,"column":9}},"16":{"start":{"line":21,"column":12},"end":{"line":21,"column":79}},"17":{"start":{"line":24,"column":12},"end":{"line":24,"column":97}},"18":{"start":{"line":30,"column":8},"end":{"line":30,"column":39}},"19":{"start":{"line":31,"column":8},"end":{"line":31,"column":81}},"20":{"start":{"line":32,"column":8},"end":{"line":32,"column":25}}},"fnMap":{"0":{"name":"(anonymous_0)","decl":{"start":{"line":12,"column":16},"end":{"line":12,"column":17}},"loc":{"start":{"line":12,"column":36},"end":{"line":34,"column":1}},"line":12}},"branchMap":{"0":{"loc":{"start":{"line":17,"column":8},"end":{"line":25,"column":9}},"type":"if","locations":[{"start":{"line":17,"column":8},"end":{"line":25,"column":9}},{"start":{"line":17,"column":8},"end":{"line":25,"column":9}}],"line":17},"1":{"loc":{"start":{"line":19,"column":15},"end":{"line":25,"column":9}},"type":"if","locations":[{"start":{"line":19,"column":15},"end":{"line":25,"column":9}},{"start":{"line":19,"column":15},"end":{"line":25,"column":9}}],"line":19}},"s":{"0":4,"1":4,"2":4,"3":4,"4":4,"5":4,"6":4,"7":4,"8":4,"9":2,"10":2,"11":2,"12":2,"13":2,"14":2,"15":0,"16":0,"17":0,"18":0,"19":0,"20":0},"f":{"0":2},"b":{"0":[2,0],"1":[0,0]},"_coverageSchema":"1a1c01bbd47fc00a2c39e90264f33305004495a9","hash":"d8a1869d1d308da77fc4cae6cef32c566db6a5a2"}
,"/media/rajotron/_my_drive/projects3/jwa/backend_server/database/dbConnection.js": {"path":"/media/rajotron/_my_drive/projects3/jwa/backend_server/database/dbConnection.js","statementMap":{"0":{"start":{"line":1,"column":13},"end":{"line":1,"column":30}},"1":{"start":{"line":2,"column":0},"end":{"line":2,"column":47}},"2":{"start":{"line":3,"column":13},"end":{"line":3,"column":41}},"3":{"start":{"line":7,"column":4},"end":{"line":7,"column":17}},"4":{"start":{"line":10,"column":25},"end":{"line":10,"column":81}},"5":{"start":{"line":11,"column":0},"end":{"line":13,"column":1}},"6":{"start":{"line":12,"column":4},"end":{"line":12,"column":15}},"7":{"start":{"line":14,"column":0},"end":{"line":16,"column":2}},"8":{"start":{"line":18,"column":0},"end":{"line":33,"column":1}},"9":{"start":{"line":19,"column":4},"end":{"line":32,"column":6}},"10":{"start":{"line":20,"column":8},"end":{"line":20,"column":19}},"11":{"start":{"line":21,"column":34},"end":{"line":21,"column":100}},"12":{"start":{"line":22,"column":8},"end":{"line":22,"column":65}},"13":{"start":{"line":23,"column":8},"end":{"line":30,"column":9}},"14":{"start":{"line":24,"column":12},"end":{"line":26,"column":14}},"15":{"start":{"line":27,"column":12},"end":{"line":27,"column":25}},"16":{"start":{"line":29,"column":12},"end":{"line":29,"column":24}},"17":{"start":{"line":37,"column":0},"end":{"line":54,"column":1}},"18":{"start":{"line":38,"column":18},"end":{"line":38,"column":28}},"19":{"start":{"line":39,"column":4},"end":{"line":53,"column":7}},"20":{"start":{"line":40,"column":8},"end":{"line":40,"column":43}},"21":{"start":{"line":41,"column":8},"end":{"line":52,"column":10}},"22":{"start":{"line":42,"column":12},"end":{"line":51,"column":13}},"23":{"start":{"line":43,"column":16},"end":{"line":43,"column":28}},"24":{"start":{"line":45,"column":16},"end":{"line":50,"column":17}},"25":{"start":{"line":46,"column":37},"end":{"line":46,"column":55}},"26":{"start":{"line":47,"column":20},"end":{"line":47,"column":37}},"27":{"start":{"line":49,"column":20},"end":{"line":49,"column":31}}},"fnMap":{"0":{"name":"(anonymous_0)","decl":{"start":{"line":18,"column":24},"end":{"line":18,"column":25}},"loc":{"start":{"line":18,"column":70},"end":{"line":33,"column":1}},"line":18},"1":{"name":"(anonymous_1)","decl":{"start":{"line":19,"column":23},"end":{"line":19,"column":24}},"loc":{"start":{"line":19,"column":44},"end":{"line":32,"column":5}},"line":19},"2":{"name":"(anonymous_2)","decl":{"start":{"line":37,"column":16},"end":{"line":37,"column":17}},"loc":{"start":{"line":37,"column":40},"end":{"line":54,"column":1}},"line":37},"3":{"name":"(anonymous_3)","decl":{"start":{"line":39,"column":23},"end":{"line":39,"column":24}},"loc":{"start":{"line":39,"column":44},"end":{"line":53,"column":5}},"line":39},"4":{"name":"(anonymous_4)","decl":{"start":{"line":41,"column":33},"end":{"line":41,"column":34}},"loc":{"start":{"line":41,"column":47},"end":{"line":52,"column":9}},"line":41}},"branchMap":{"0":{"loc":{"start":{"line":11,"column":0},"end":{"line":13,"column":1}},"type":"if","locations":[{"start":{"line":11,"column":0},"end":{"line":13,"column":1}},{"start":{"line":11,"column":0},"end":{"line":13,"column":1}}],"line":11},"1":{"loc":{"start":{"line":42,"column":12},"end":{"line":51,"column":13}},"type":"if","locations":[{"start":{"line":42,"column":12},"end":{"line":51,"column":13}},{"start":{"line":42,"column":12},"end":{"line":51,"column":13}}],"line":42},"2":{"loc":{"start":{"line":45,"column":16},"end":{"line":50,"column":17}},"type":"if","locations":[{"start":{"line":45,"column":16},"end":{"line":50,"column":17}},{"start":{"line":45,"column":16},"end":{"line":50,"column":17}}],"line":45}},"s":{"0":5,"1":5,"2":5,"3":5,"4":5,"5":5,"6":0,"7":5,"8":5,"9":2,"10":2,"11":2,"12":2,"13":2,"14":2,"15":2,"16":0,"17":5,"18":9,"19":9,"20":9,"21":9,"22":8,"23":0,"24":8,"25":8,"26":8,"27":0},"f":{"0":2,"1":2,"2":9,"3":9,"4":8},"b":{"0":[0,5],"1":[0,8],"2":[8,0]},"_coverageSchema":"1a1c01bbd47fc00a2c39e90264f33305004495a9","hash":"420ca2106b899276660c472c8976560d519aeb69"}
,"/media/rajotron/_my_drive/projects3/jwa/backend_server/middlewares/authenticationMW.js": {"path":"/media/rajotron/_my_drive/projects3/jwa/backend_server/middlewares/authenticationMW.js","statementMap":{"0":{"start":{"line":1,"column":9},"end":{"line":1,"column":44}},"1":{"start":{"line":2,"column":13},"end":{"line":2,"column":49}},"2":{"start":{"line":3,"column":13},"end":{"line":3,"column":32}},"3":{"start":{"line":4,"column":13},"end":{"line":4,"column":30}},"4":{"start":{"line":5,"column":0},"end":{"line":5,"column":47}},"5":{"start":{"line":6,"column":13},"end":{"line":6,"column":41}},"6":{"start":{"line":7,"column":15},"end":{"line":7,"column":51}},"7":{"start":{"line":8,"column":12},"end":{"line":8,"column":28}},"8":{"start":{"line":13,"column":0},"end":{"line":38,"column":1}},"9":{"start":{"line":14,"column":4},"end":{"line":37,"column":5}},"10":{"start":{"line":15,"column":23},"end":{"line":15,"column":46}},"11":{"start":{"line":16,"column":20},"end":{"line":16,"column":40}},"12":{"start":{"line":18,"column":24},"end":{"line":18,"column":95}},"13":{"start":{"line":20,"column":8},"end":{"line":22,"column":9}},"14":{"start":{"line":21,"column":13},"end":{"line":21,"column":80}},"15":{"start":{"line":24,"column":8},"end":{"line":27,"column":9}},"16":{"start":{"line":26,"column":13},"end":{"line":26,"column":80}},"17":{"start":{"line":29,"column":8},"end":{"line":29,"column":103}},"18":{"start":{"line":31,"column":7},"end":{"line":31,"column":21}},"19":{"start":{"line":34,"column":8},"end":{"line":34,"column":26}},"20":{"start":{"line":35,"column":8},"end":{"line":35,"column":75}},"21":{"start":{"line":36,"column":8},"end":{"line":36,"column":25}}},"fnMap":{"0":{"name":"(anonymous_0)","decl":{"start":{"line":13,"column":25},"end":{"line":13,"column":26}},"loc":{"start":{"line":13,"column":51},"end":{"line":38,"column":1}},"line":13}},"branchMap":{"0":{"loc":{"start":{"line":20,"column":8},"end":{"line":22,"column":9}},"type":"if","locations":[{"start":{"line":20,"column":8},"end":{"line":22,"column":9}},{"start":{"line":20,"column":8},"end":{"line":22,"column":9}}],"line":20},"1":{"loc":{"start":{"line":24,"column":8},"end":{"line":27,"column":9}},"type":"if","locations":[{"start":{"line":24,"column":8},"end":{"line":27,"column":9}},{"start":{"line":24,"column":8},"end":{"line":27,"column":9}}],"line":24}},"s":{"0":4,"1":4,"2":4,"3":4,"4":4,"5":4,"6":4,"7":4,"8":4,"9":5,"10":5,"11":5,"12":5,"13":5,"14":5,"15":0,"16":0,"17":0,"18":0,"19":0,"20":0,"21":0},"f":{"0":5},"b":{"0":[5,0],"1":[0,0]},"_coverageSchema":"1a1c01bbd47fc00a2c39e90264f33305004495a9","hash":"e6f9b88365a5f5527a2d2ab8421cafb7e729e573"}
,"/media/rajotron/_my_drive/projects3/jwa/backend_server/routes/routes.js": {"path":"/media/rajotron/_my_drive/projects3/jwa/backend_server/routes/routes.js","statementMap":{"0":{"start":{"line":1,"column":0},"end":{"line":46,"column":1}},"1":{"start":{"line":4,"column":31},"end":{"line":4,"column":86}},"2":{"start":{"line":5,"column":23},"end":{"line":5,"column":58}},"3":{"start":{"line":6,"column":21},"end":{"line":6,"column":55}},"4":{"start":{"line":7,"column":29},"end":{"line":7,"column":74}},"5":{"start":{"line":12,"column":4},"end":{"line":18,"column":7}},"6":{"start":{"line":13,"column":8},"end":{"line":13,"column":58}},"7":{"start":{"line":14,"column":8},"end":{"line":14,"column":96}},"8":{"start":{"line":15,"column":8},"end":{"line":15,"column":89}},"9":{"start":{"line":16,"column":8},"end":{"line":16,"column":64}},"10":{"start":{"line":17,"column":8},"end":{"line":17,"column":15}},"11":{"start":{"line":21,"column":4},"end":{"line":21,"column":70}},"12":{"start":{"line":25,"column":4},"end":{"line":25,"column":44}},"13":{"start":{"line":29,"column":4},"end":{"line":29,"column":32}},"14":{"start":{"line":33,"column":4},"end":{"line":33,"column":70}},"15":{"start":{"line":34,"column":4},"end":{"line":34,"column":66}},"16":{"start":{"line":39,"column":4},"end":{"line":39,"column":55}},"17":{"start":{"line":40,"column":4},"end":{"line":40,"column":50}}},"fnMap":{"0":{"name":"(anonymous_0)","decl":{"start":{"line":1,"column":17},"end":{"line":1,"column":18}},"loc":{"start":{"line":1,"column":26},"end":{"line":46,"column":1}},"line":1},"1":{"name":"(anonymous_1)","decl":{"start":{"line":12,"column":12},"end":{"line":12,"column":13}},"loc":{"start":{"line":12,"column":37},"end":{"line":18,"column":5}},"line":12}},"branchMap":{},"s":{"0":4,"1":4,"2":4,"3":4,"4":4,"5":4,"6":8,"7":8,"8":8,"9":8,"10":8,"11":4,"12":4,"13":4,"14":4,"15":4,"16":4,"17":4},"f":{"0":4,"1":8},"b":{},"_coverageSchema":"1a1c01bbd47fc00a2c39e90264f33305004495a9","hash":"04244899e8472773585b2d4896e2729d60be48bf"}
,"/media/rajotron/_my_drive/projects3/jwa/backend_server/shared/sharedFunctions.js": {"path":"/media/rajotron/_my_drive/projects3/jwa/backend_server/shared/sharedFunctions.js","statementMap":{"0":{"start":{"line":1,"column":13},"end":{"line":1,"column":32}},"1":{"start":{"line":5,"column":0},"end":{"line":14,"column":1}},"2":{"start":{"line":6,"column":14},"end":{"line":6,"column":16}},"3":{"start":{"line":7,"column":4},"end":{"line":7,"column":28}},"4":{"start":{"line":8,"column":4},"end":{"line":8,"column":28}},"5":{"start":{"line":9,"column":4},"end":{"line":9,"column":25}},"6":{"start":{"line":10,"column":4},"end":{"line":12,"column":5}},"7":{"start":{"line":11,"column":8},"end":{"line":11,"column":26}},"8":{"start":{"line":13,"column":4},"end":{"line":13,"column":15}},"9":{"start":{"line":18,"column":0},"end":{"line":28,"column":1}},"10":{"start":{"line":19,"column":14},"end":{"line":19,"column":16}},"11":{"start":{"line":20,"column":4},"end":{"line":20,"column":27}},"12":{"start":{"line":21,"column":4},"end":{"line":21,"column":28}},"13":{"start":{"line":22,"column":4},"end":{"line":22,"column":25}},"14":{"start":{"line":23,"column":4},"end":{"line":25,"column":5}},"15":{"start":{"line":24,"column":8},"end":{"line":24,"column":26}},"16":{"start":{"line":27,"column":4},"end":{"line":27,"column":15}},"17":{"start":{"line":31,"column":0},"end":{"line":35,"column":1}},"18":{"start":{"line":33,"column":16},"end":{"line":33,"column":63}},"19":{"start":{"line":34,"column":4},"end":{"line":34,"column":14}}},"fnMap":{"0":{"name":"(anonymous_0)","decl":{"start":{"line":5,"column":22},"end":{"line":5,"column":23}},"loc":{"start":{"line":5,"column":46},"end":{"line":14,"column":1}},"line":5},"1":{"name":"(anonymous_1)","decl":{"start":{"line":18,"column":20},"end":{"line":18,"column":21}},"loc":{"start":{"line":18,"column":44},"end":{"line":28,"column":1}},"line":18},"2":{"name":"(anonymous_2)","decl":{"start":{"line":31,"column":18},"end":{"line":31,"column":19}},"loc":{"start":{"line":31,"column":29},"end":{"line":35,"column":1}},"line":31}},"branchMap":{"0":{"loc":{"start":{"line":10,"column":4},"end":{"line":12,"column":5}},"type":"if","locations":[{"start":{"line":10,"column":4},"end":{"line":12,"column":5}},{"start":{"line":10,"column":4},"end":{"line":12,"column":5}}],"line":10},"1":{"loc":{"start":{"line":23,"column":4},"end":{"line":25,"column":5}},"type":"if","locations":[{"start":{"line":23,"column":4},"end":{"line":25,"column":5}},{"start":{"line":23,"column":4},"end":{"line":25,"column":5}}],"line":23}},"s":{"0":5,"1":5,"2":2,"3":2,"4":2,"5":2,"6":2,"7":0,"8":2,"9":5,"10":8,"11":8,"12":8,"13":8,"14":8,"15":0,"16":8,"17":5,"18":0,"19":0},"f":{"0":2,"1":8,"2":0},"b":{"0":[0,2],"1":[0,8]},"_coverageSchema":"1a1c01bbd47fc00a2c39e90264f33305004495a9","hash":"c3e7b89aa855da76b07ec9a9a768d3861ed7bfb9"}
}
