TN:
SF:server.js
FN:22,(anonymous_0)
FNF:1
FNH:0
FNDA:0,(anonymous_0)
DA:1,4
DA:2,4
DA:3,4
DA:4,4
DA:6,4
DA:7,4
DA:8,4
DA:11,4
DA:14,4
DA:20,4
DA:22,0
DA:23,0
DA:28,4
LF:13
LH:11
BRDA:20,0,0,0
BRDA:20,0,1,4
BRF:2
BRH:1
end_of_record
TN:
SF:config/propertyFile.js
FNF:0
FNH:0
DA:1,4
LF:1
LH:1
BRF:0
BRH:0
end_of_record
TN:
SF:controllers/assets.js
FN:12,(anonymous_0)
FN:31,(anonymous_1)
FNF:2
FNH:0
FNDA:0,(anonymous_0)
FNDA:0,(anonymous_1)
DA:1,4
DA:2,4
DA:3,4
DA:4,4
DA:5,4
DA:6,4
DA:7,4
DA:8,4
DA:12,4
DA:13,0
DA:14,0
DA:18,0
DA:20,0
DA:21,0
DA:24,0
DA:25,0
DA:31,4
DA:32,0
DA:33,0
DA:34,0
DA:35,0
DA:39,0
DA:51,0
DA:56,0
DA:57,0
DA:59,0
DA:60,0
LF:27
LH:10
BRF:0
BRH:0
end_of_record
TN:
SF:controllers/shopping_Centre_Controller.js
FN:13,(anonymous_0)
FN:41,(anonymous_1)
FN:55,(anonymous_2)
FNF:3
FNH:1
FNDA:1,(anonymous_0)
FNDA:0,(anonymous_1)
FNDA:0,(anonymous_2)
DA:1,4
DA:2,4
DA:3,4
DA:4,4
DA:5,4
DA:6,4
DA:7,4
DA:8,4
DA:13,4
DA:14,1
DA:15,1
DA:16,1
DA:17,1
DA:18,1
DA:19,1
DA:20,1
DA:21,1
DA:22,1
DA:23,1
DA:24,1
DA:25,1
DA:26,1
DA:27,0
DA:31,1
DA:34,0
DA:35,0
DA:41,4
DA:42,0
DA:43,0
DA:44,0
DA:45,0
DA:48,0
DA:49,0
DA:55,4
DA:56,0
DA:57,0
DA:58,0
DA:59,0
DA:60,0
DA:67,0
DA:68,0
DA:70,0
DA:71,0
LF:43
LH:25
BRDA:26,0,0,0
BRDA:26,0,1,1
BRF:2
BRH:1
end_of_record
TN:
SF:controllers/users.js
FN:12,(anonymous_0)
FNF:1
FNH:1
FNDA:2,(anonymous_0)
DA:1,4
DA:2,4
DA:3,4
DA:4,4
DA:5,4
DA:6,4
DA:7,4
DA:8,4
DA:12,4
DA:13,2
DA:14,2
DA:15,2
DA:16,2
DA:17,2
DA:18,2
DA:19,0
DA:21,0
DA:24,0
DA:30,0
DA:31,0
DA:32,0
LF:21
LH:15
BRDA:17,0,0,2
BRDA:17,0,1,0
BRDA:19,1,0,0
BRDA:19,1,1,0
BRF:4
BRH:1
end_of_record
TN:
SF:database/dbConnection.js
FN:18,(anonymous_0)
FN:19,(anonymous_1)
FN:37,(anonymous_2)
FN:39,(anonymous_3)
FN:41,(anonymous_4)
FNF:5
FNH:5
FNDA:2,(anonymous_0)
FNDA:2,(anonymous_1)
FNDA:9,(anonymous_2)
FNDA:9,(anonymous_3)
FNDA:8,(anonymous_4)
DA:1,5
DA:2,5
DA:3,5
DA:7,5
DA:10,5
DA:11,5
DA:12,0
DA:14,5
DA:18,5
DA:19,2
DA:20,2
DA:21,2
DA:22,2
DA:23,2
DA:24,2
DA:27,2
DA:29,0
DA:37,5
DA:38,9
DA:39,9
DA:40,9
DA:41,9
DA:42,8
DA:43,0
DA:45,8
DA:46,8
DA:47,8
DA:49,0
LF:28
LH:24
BRDA:11,0,0,0
BRDA:11,0,1,5
BRDA:42,1,0,0
BRDA:42,1,1,8
BRDA:45,2,0,8
BRDA:45,2,1,0
BRF:6
BRH:3
end_of_record
TN:
SF:middlewares/authenticationMW.js
FN:13,(anonymous_0)
FNF:1
FNH:1
FNDA:5,(anonymous_0)
DA:1,4
DA:2,4
DA:3,4
DA:4,4
DA:5,4
DA:6,4
DA:7,4
DA:8,4
DA:13,4
DA:14,5
DA:15,5
DA:16,5
DA:18,5
DA:20,5
DA:21,5
DA:24,0
DA:26,0
DA:29,0
DA:31,0
DA:34,0
DA:35,0
DA:36,0
LF:22
LH:15
BRDA:20,0,0,5
BRDA:20,0,1,0
BRDA:24,1,0,0
BRDA:24,1,1,0
BRF:4
BRH:1
end_of_record
TN:
SF:routes/routes.js
FN:1,(anonymous_0)
FN:12,(anonymous_1)
FNF:2
FNH:2
FNDA:4,(anonymous_0)
FNDA:8,(anonymous_1)
DA:1,4
DA:4,4
DA:5,4
DA:6,4
DA:7,4
DA:12,4
DA:13,8
DA:14,8
DA:15,8
DA:16,8
DA:17,8
DA:21,4
DA:25,4
DA:29,4
DA:33,4
DA:34,4
DA:39,4
DA:40,4
LF:18
LH:18
BRF:0
BRH:0
end_of_record
TN:
SF:shared/sharedFunctions.js
FN:5,(anonymous_0)
FN:18,(anonymous_1)
FN:31,(anonymous_2)
FNF:3
FNH:2
FNDA:2,(anonymous_0)
FNDA:8,(anonymous_1)
FNDA:0,(anonymous_2)
DA:1,5
DA:5,5
DA:6,2
DA:7,2
DA:8,2
DA:9,2
DA:10,2
DA:11,0
DA:13,2
DA:18,5
DA:19,8
DA:20,8
DA:21,8
DA:22,8
DA:23,8
DA:24,0
DA:27,8
DA:31,5
DA:33,0
DA:34,0
LF:20
LH:16
BRDA:10,0,0,0
BRDA:10,0,1,2
BRDA:23,1,0,0
BRDA:23,1,1,8
BRF:4
BRH:2
end_of_record
